<?xml version="1.0" encoding="UTF-8" ?>
<testsuite failures="0" time="2.496" errors="0" skipped="0" tests="1" name="be.occam.colloseum.core.rs.jtests.TestPersonsResource">
  <properties>
    <property name="java.runtime.name" value="Java(TM) SE Runtime Environment"/>
    <property name="sun.boot.library.path" value="/usr/lib/jvm/java-6-sun-1.6.0.30/jre/lib/i386"/>
    <property name="java.vm.version" value="20.5-b03"/>
    <property name="java.vm.vendor" value="Sun Microsystems Inc."/>
    <property name="java.vendor.url" value="http://java.sun.com/"/>
    <property name="path.separator" value=":"/>
    <property name="java.vm.name" value="Java HotSpot(TM) Server VM"/>
    <property name="file.encoding.pkg" value="sun.io"/>
    <property name="user.country" value="BE"/>
    <property name="sun.java.launcher" value="SUN_STANDARD"/>
    <property name="sun.os.patch.level" value="unknown"/>
    <property name="java.vm.specification.name" value="Java Virtual Machine Specification"/>
    <property name="user.dir" value="/home/sven/psx/projecten/colloseum/colloseum-core-rs"/>
    <property name="java.runtime.version" value="1.6.0_30-b12"/>
    <property name="java.awt.graphicsenv" value="sun.awt.X11GraphicsEnvironment"/>
    <property name="basedir" value="/home/sven/psx/projecten/colloseum/colloseum-core-rs"/>
    <property name="java.endorsed.dirs" value="/usr/lib/jvm/java-6-sun-1.6.0.30/jre/lib/endorsed"/>
    <property name="os.arch" value="i386"/>
    <property name="surefire.real.class.path" value="/tmp/surefirebooter8157035800244922871.jar"/>
    <property name="spring.profiles.active" value="test"/>
    <property name="java.io.tmpdir" value="/tmp"/>
    <property name="line.separator" value="
"/>
    <property name="java.vm.specification.vendor" value="Sun Microsystems Inc."/>
    <property name="os.name" value="Linux"/>
    <property name="sun.jnu.encoding" value="UTF-8"/>
    <property name="java.library.path" value="/usr/lib/jvm/java-6-sun-1.6.0.30/jre/lib/i386/server:/usr/lib/jvm/java-6-sun-1.6.0.30/jre/lib/i386:/usr/lib/jvm/java-6-sun-1.6.0.30/jre/../lib/i386:/usr/java/packages/lib/i386:/lib:/usr/lib"/>
    <property name="surefire.test.class.path" value="/home/sven/psx/projecten/colloseum/colloseum-core-rs/target/test-classes:/home/sven/psx/projecten/colloseum/colloseum-core-rs/target/classes:/home/sven/.m2/repository/be/occam/occam-utils/1.0-LATEST-SNAPSHOT/occam-utils-1.0-LATEST-SNAPSHOT.jar:/home/sven/.m2/repository/org/springframework/spring-core/3.2.1.RELEASE/spring-core-3.2.1.RELEASE.jar:/home/sven/.m2/repository/commons-logging/commons-logging/1.1.1/commons-logging-1.1.1.jar:/home/sven/.m2/repository/org/springframework/spring-beans/3.2.1.RELEASE/spring-beans-3.2.1.RELEASE.jar:/home/sven/.m2/repository/org/springframework/spring-aop/3.2.1.RELEASE/spring-aop-3.2.1.RELEASE.jar:/home/sven/.m2/repository/aopalliance/aopalliance/1.0/aopalliance-1.0.jar:/home/sven/.m2/repository/org/springframework/spring-context/3.2.1.RELEASE/spring-context-3.2.1.RELEASE.jar:/home/sven/.m2/repository/org/springframework/spring-expression/3.2.1.RELEASE/spring-expression-3.2.1.RELEASE.jar:/home/sven/.m2/repository/org/springframework/spring-context-support/3.2.1.RELEASE/spring-context-support-3.2.1.RELEASE.jar:/home/sven/.m2/repository/org/springframework/spring-tx/3.2.1.RELEASE/spring-tx-3.2.1.RELEASE.jar:/home/sven/.m2/repository/org/springframework/spring-jdbc/3.2.1.RELEASE/spring-jdbc-3.2.1.RELEASE.jar:/home/sven/.m2/repository/org/springframework/spring-orm/3.2.1.RELEASE/spring-orm-3.2.1.RELEASE.jar:/home/sven/.m2/repository/org/springframework/spring-web/3.2.1.RELEASE/spring-web-3.2.1.RELEASE.jar:/home/sven/.m2/repository/org/springframework/spring-webmvc/3.2.1.RELEASE/spring-webmvc-3.2.1.RELEASE.jar:/home/sven/.m2/repository/cglib/cglib-nodep/2.2.2/cglib-nodep-2.2.2.jar:/home/sven/.m2/repository/org/springframework/spring-jms/3.2.1.RELEASE/spring-jms-3.2.1.RELEASE.jar:/home/sven/.m2/repository/org/slf4j/slf4j-api/1.6.5/slf4j-api-1.6.5.jar:/home/sven/.m2/repository/org/slf4j/slf4j-log4j12/1.6.5/slf4j-log4j12-1.6.5.jar:/home/sven/.m2/repository/log4j/log4j/1.2.16/log4j-1.2.16.jar:/home/sven/.m2/repository/com/sun/jersey/jersey-core/1.11/jersey-core-1.11.jar:/home/sven/.m2/repository/com/sun/jersey/jersey-server/1.11/jersey-server-1.11.jar:/home/sven/.m2/repository/asm/asm/3.1/asm-3.1.jar:/home/sven/.m2/repository/com/sun/jersey/contribs/jersey-spring/1.11/jersey-spring-1.11.jar:/home/sven/.m2/repository/com/sun/jersey/jersey-servlet/1.11/jersey-servlet-1.11.jar:/home/sven/.m2/repository/com/sun/jersey/contribs/jersey-multipart/1.11/jersey-multipart-1.11.jar:/home/sven/.m2/repository/org/jvnet/mimepull/1.6/mimepull-1.6.jar:/home/sven/.m2/repository/com/sun/jersey/jersey-json/1.11/jersey-json-1.11.jar:/home/sven/.m2/repository/org/codehaus/jettison/jettison/1.1/jettison-1.1.jar:/home/sven/.m2/repository/stax/stax-api/1.0.1/stax-api-1.0.1.jar:/home/sven/.m2/repository/com/sun/xml/bind/jaxb-impl/2.2.3-1/jaxb-impl-2.2.3-1.jar:/home/sven/.m2/repository/javax/xml/bind/jaxb-api/2.2.2/jaxb-api-2.2.2.jar:/home/sven/.m2/repository/javax/xml/stream/stax-api/1.0-2/stax-api-1.0-2.jar:/home/sven/.m2/repository/javax/activation/activation/1.1/activation-1.1.jar:/home/sven/.m2/repository/org/codehaus/jackson/jackson-core-asl/1.9.2/jackson-core-asl-1.9.2.jar:/home/sven/.m2/repository/org/codehaus/jackson/jackson-mapper-asl/1.9.2/jackson-mapper-asl-1.9.2.jar:/home/sven/.m2/repository/org/codehaus/jackson/jackson-jaxrs/1.9.2/jackson-jaxrs-1.9.2.jar:/home/sven/.m2/repository/org/codehaus/jackson/jackson-xc/1.9.2/jackson-xc-1.9.2.jar:/home/sven/.m2/repository/be/occam/colloseum/colloseum-core-model/1.0-LATEST-SNAPSHOT/colloseum-core-model-1.0-LATEST-SNAPSHOT.jar:/home/sven/.m2/repository/org/hibernate/javax/persistence/hibernate-jpa-2.0-api/1.0.1.Final/hibernate-jpa-2.0-api-1.0.1.Final.jar:/home/sven/.m2/repository/org/springframework/data/spring-data-jpa/1.2.0.RELEASE/spring-data-jpa-1.2.0.RELEASE.jar:/home/sven/.m2/repository/org/springframework/data/spring-data-commons-core/1.4.0.RELEASE/spring-data-commons-core-1.4.0.RELEASE.jar:/home/sven/.m2/repository/org/slf4j/jcl-over-slf4j/1.6.1/jcl-over-slf4j-1.6.1.jar:/home/sven/.m2/repository/org/aspectj/aspectjrt/1.6.12/aspectjrt-1.6.12.jar:/home/sven/.m2/repository/be/occam/test/jtest/1.0-LATEST-SNAPSHOT/jtest-1.0-LATEST-SNAPSHOT.jar:/home/sven/.m2/repository/junit/junit/4.5/junit-4.5.jar:/home/sven/.m2/repository/org/mortbay/jetty/jetty/6.1.26/jetty-6.1.26.jar:/home/sven/.m2/repository/org/mortbay/jetty/jetty-util/6.1.26/jetty-util-6.1.26.jar:/home/sven/.m2/repository/org/mortbay/jetty/servlet-api/2.5-20081211/servlet-api-2.5-20081211.jar:/home/sven/.m2/repository/com/sun/jersey/jersey-client/1.11/jersey-client-1.11.jar:/home/sven/.m2/repository/org/easymock/easymock/3.1/easymock-3.1.jar:/home/sven/.m2/repository/org/objenesis/objenesis/1.2/objenesis-1.2.jar:"/>
    <property name="java.specification.name" value="Java Platform API Specification"/>
    <property name="java.class.version" value="50.0"/>
    <property name="sun.management.compiler" value="HotSpot Tiered Compilers"/>
    <property name="os.version" value="2.6.32-45-generic"/>
    <property name="user.home" value="/home/sven"/>
    <property name="user.timezone" value="Europe/Brussels"/>
    <property name="java.awt.printerjob" value="sun.print.PSPrinterJob"/>
    <property name="java.specification.version" value="1.6"/>
    <property name="file.encoding" value="UTF-8"/>
    <property name="user.name" value="sven"/>
    <property name="java.class.path" value="/home/sven/psx/projecten/colloseum/colloseum-core-rs/target/test-classes:/home/sven/psx/projecten/colloseum/colloseum-core-rs/target/classes:/home/sven/.m2/repository/be/occam/occam-utils/1.0-LATEST-SNAPSHOT/occam-utils-1.0-LATEST-SNAPSHOT.jar:/home/sven/.m2/repository/org/springframework/spring-core/3.2.1.RELEASE/spring-core-3.2.1.RELEASE.jar:/home/sven/.m2/repository/commons-logging/commons-logging/1.1.1/commons-logging-1.1.1.jar:/home/sven/.m2/repository/org/springframework/spring-beans/3.2.1.RELEASE/spring-beans-3.2.1.RELEASE.jar:/home/sven/.m2/repository/org/springframework/spring-aop/3.2.1.RELEASE/spring-aop-3.2.1.RELEASE.jar:/home/sven/.m2/repository/aopalliance/aopalliance/1.0/aopalliance-1.0.jar:/home/sven/.m2/repository/org/springframework/spring-context/3.2.1.RELEASE/spring-context-3.2.1.RELEASE.jar:/home/sven/.m2/repository/org/springframework/spring-expression/3.2.1.RELEASE/spring-expression-3.2.1.RELEASE.jar:/home/sven/.m2/repository/org/springframework/spring-context-support/3.2.1.RELEASE/spring-context-support-3.2.1.RELEASE.jar:/home/sven/.m2/repository/org/springframework/spring-tx/3.2.1.RELEASE/spring-tx-3.2.1.RELEASE.jar:/home/sven/.m2/repository/org/springframework/spring-jdbc/3.2.1.RELEASE/spring-jdbc-3.2.1.RELEASE.jar:/home/sven/.m2/repository/org/springframework/spring-orm/3.2.1.RELEASE/spring-orm-3.2.1.RELEASE.jar:/home/sven/.m2/repository/org/springframework/spring-web/3.2.1.RELEASE/spring-web-3.2.1.RELEASE.jar:/home/sven/.m2/repository/org/springframework/spring-webmvc/3.2.1.RELEASE/spring-webmvc-3.2.1.RELEASE.jar:/home/sven/.m2/repository/cglib/cglib-nodep/2.2.2/cglib-nodep-2.2.2.jar:/home/sven/.m2/repository/org/springframework/spring-jms/3.2.1.RELEASE/spring-jms-3.2.1.RELEASE.jar:/home/sven/.m2/repository/org/slf4j/slf4j-api/1.6.5/slf4j-api-1.6.5.jar:/home/sven/.m2/repository/org/slf4j/slf4j-log4j12/1.6.5/slf4j-log4j12-1.6.5.jar:/home/sven/.m2/repository/log4j/log4j/1.2.16/log4j-1.2.16.jar:/home/sven/.m2/repository/com/sun/jersey/jersey-core/1.11/jersey-core-1.11.jar:/home/sven/.m2/repository/com/sun/jersey/jersey-server/1.11/jersey-server-1.11.jar:/home/sven/.m2/repository/asm/asm/3.1/asm-3.1.jar:/home/sven/.m2/repository/com/sun/jersey/contribs/jersey-spring/1.11/jersey-spring-1.11.jar:/home/sven/.m2/repository/com/sun/jersey/jersey-servlet/1.11/jersey-servlet-1.11.jar:/home/sven/.m2/repository/com/sun/jersey/contribs/jersey-multipart/1.11/jersey-multipart-1.11.jar:/home/sven/.m2/repository/org/jvnet/mimepull/1.6/mimepull-1.6.jar:/home/sven/.m2/repository/com/sun/jersey/jersey-json/1.11/jersey-json-1.11.jar:/home/sven/.m2/repository/org/codehaus/jettison/jettison/1.1/jettison-1.1.jar:/home/sven/.m2/repository/stax/stax-api/1.0.1/stax-api-1.0.1.jar:/home/sven/.m2/repository/com/sun/xml/bind/jaxb-impl/2.2.3-1/jaxb-impl-2.2.3-1.jar:/home/sven/.m2/repository/javax/xml/bind/jaxb-api/2.2.2/jaxb-api-2.2.2.jar:/home/sven/.m2/repository/javax/xml/stream/stax-api/1.0-2/stax-api-1.0-2.jar:/home/sven/.m2/repository/javax/activation/activation/1.1/activation-1.1.jar:/home/sven/.m2/repository/org/codehaus/jackson/jackson-core-asl/1.9.2/jackson-core-asl-1.9.2.jar:/home/sven/.m2/repository/org/codehaus/jackson/jackson-mapper-asl/1.9.2/jackson-mapper-asl-1.9.2.jar:/home/sven/.m2/repository/org/codehaus/jackson/jackson-jaxrs/1.9.2/jackson-jaxrs-1.9.2.jar:/home/sven/.m2/repository/org/codehaus/jackson/jackson-xc/1.9.2/jackson-xc-1.9.2.jar:/home/sven/.m2/repository/be/occam/colloseum/colloseum-core-model/1.0-LATEST-SNAPSHOT/colloseum-core-model-1.0-LATEST-SNAPSHOT.jar:/home/sven/.m2/repository/org/hibernate/javax/persistence/hibernate-jpa-2.0-api/1.0.1.Final/hibernate-jpa-2.0-api-1.0.1.Final.jar:/home/sven/.m2/repository/org/springframework/data/spring-data-jpa/1.2.0.RELEASE/spring-data-jpa-1.2.0.RELEASE.jar:/home/sven/.m2/repository/org/springframework/data/spring-data-commons-core/1.4.0.RELEASE/spring-data-commons-core-1.4.0.RELEASE.jar:/home/sven/.m2/repository/org/slf4j/jcl-over-slf4j/1.6.1/jcl-over-slf4j-1.6.1.jar:/home/sven/.m2/repository/org/aspectj/aspectjrt/1.6.12/aspectjrt-1.6.12.jar:/home/sven/.m2/repository/be/occam/test/jtest/1.0-LATEST-SNAPSHOT/jtest-1.0-LATEST-SNAPSHOT.jar:/home/sven/.m2/repository/junit/junit/4.5/junit-4.5.jar:/home/sven/.m2/repository/org/mortbay/jetty/jetty/6.1.26/jetty-6.1.26.jar:/home/sven/.m2/repository/org/mortbay/jetty/jetty-util/6.1.26/jetty-util-6.1.26.jar:/home/sven/.m2/repository/org/mortbay/jetty/servlet-api/2.5-20081211/servlet-api-2.5-20081211.jar:/home/sven/.m2/repository/com/sun/jersey/jersey-client/1.11/jersey-client-1.11.jar:/home/sven/.m2/repository/org/easymock/easymock/3.1/easymock-3.1.jar:/home/sven/.m2/repository/org/objenesis/objenesis/1.2/objenesis-1.2.jar:"/>
    <property name="java.vm.specification.version" value="1.0"/>
    <property name="sun.arch.data.model" value="32"/>
    <property name="java.home" value="/usr/lib/jvm/java-6-sun-1.6.0.30/jre"/>
    <property name="sun.java.command" value="/tmp/surefirebooter8157035800244922871.jar /tmp/surefire6944908440038898528tmp /tmp/surefire1253472537049320963tmp"/>
    <property name="java.specification.vendor" value="Sun Microsystems Inc."/>
    <property name="user.language" value="nl"/>
    <property name="java.vm.info" value="mixed mode"/>
    <property name="java.version" value="1.6.0_30"/>
    <property name="java.ext.dirs" value="/usr/lib/jvm/java-6-sun-1.6.0.30/jre/lib/ext:/usr/java/packages/lib/ext"/>
    <property name="sun.boot.class.path" value="/usr/lib/jvm/java-6-sun-1.6.0.30/jre/lib/resources.jar:/usr/lib/jvm/java-6-sun-1.6.0.30/jre/lib/rt.jar:/usr/lib/jvm/java-6-sun-1.6.0.30/jre/lib/sunrsasign.jar:/usr/lib/jvm/java-6-sun-1.6.0.30/jre/lib/jsse.jar:/usr/lib/jvm/java-6-sun-1.6.0.30/jre/lib/jce.jar:/usr/lib/jvm/java-6-sun-1.6.0.30/jre/lib/charsets.jar:/usr/lib/jvm/java-6-sun-1.6.0.30/jre/lib/modules/jdk.boot.jar:/usr/lib/jvm/java-6-sun-1.6.0.30/jre/classes"/>
    <property name="java.vendor" value="Sun Microsystems Inc."/>
    <property name="localRepository" value="/home/sven/.m2/repository"/>
    <property name="file.separator" value="/"/>
    <property name="java.vendor.url.bug" value="http://java.sun.com/cgi-bin/bugreport.cgi"/>
    <property name="sun.cpu.endian" value="little"/>
    <property name="sun.io.unicode.encoding" value="UnicodeLittle"/>
    <property name="sun.desktop" value="gnome"/>
    <property name="sun.cpu.isalist" value=""/>
  </properties>
  <testcase time="2.473" classname="be.occam.colloseum.core.rs.jtests.TestPersonsResource" name="testPost"/>
</testsuite>